2025-07-09 20:25:40,181 - __main__ - INFO - ğŸ¯ Starting Live Testing for MF and MOR
2025-07-09 20:25:40,181 - __main__ - INFO - ============================================================
2025-07-09 20:25:40,181 - __main__ - INFO - ğŸ” Checking for credentials...
2025-07-09 20:25:40,181 - __main__ - INFO - ğŸ“„ Loading credentials from .env file...
2025-07-09 20:25:40,181 - __main__ - INFO - âœ… MF credentials complete
2025-07-09 20:25:40,181 - __main__ - INFO - âœ… MOR credentials complete
2025-07-09 20:25:40,182 - __main__ - INFO - 
ğŸ”¬ Testing MF with live credentials
2025-07-09 20:25:40,182 - __main__ - INFO - ----------------------------------------
2025-07-09 20:25:40,182 - __main__ - INFO - ğŸ”¬ Testing MF with live credentials
2025-07-09 20:25:40,182 - __main__ - INFO - ğŸŒ Phase 1: Testing connection to MF
2025-07-09 20:25:40,182 - __main__ - INFO - ğŸš— Creating robust Chrome driver...
2025-07-09 20:25:41,837 - undetected_chromedriver.patcher - INFO - patching driver executable /Users/dylanpossamai/Library/Application Support/undetected_chromedriver/undetected_chromedriver
2025-07-09 20:25:45,355 - __main__ - ERROR - âŒ Driver creation failed: Message: unknown error: cannot connect to chrome at 127.0.0.1:56291
from session not created: This version of ChromeDriver only supports Chrome version 120
Current browser version is 138.0.7204.100
Stacktrace:
0   undetected_chromedriver             0x000000010328dcc8 undetected_chromedriver + 4844744
1   undetected_chromedriver             0x0000000103285243 undetected_chromedriver + 4809283
2   undetected_chromedriver             0x0000000102e5377d undetected_chromedriver + 411517
3   undetected_chromedriver             0x0000000102e91f06 undetected_chromedriver + 667398
4   undetected_chromedriver             0x0000000102e90edd undetected_chromedriver + 663261
5   undetected_chromedriver             0x0000000102e878c6 undetected_chromedriver + 624838
6   undetected_chromedriver             0x0000000102ed9833 undetected_chromedriver + 960563
7   undetected_chromedriver             0x0000000102ecda63 undetected_chromedriver + 911971
8   undetected_chromedriver             0x0000000102e951b3 undetected_chromedriver + 680371
9   undetected_chromedriver             0x0000000102e967ce undetected_chromedriver + 686030
10  undetected_chromedriver             0x000000010324d642 undetected_chromedriver + 4580930
11  undetected_chromedriver             0x00000001032529cc undetected_chromedriver + 4602316
12  undetected_chromedriver             0x0000000103232e11 undetected_chromedriver + 4472337
13  undetected_chromedriver             0x0000000103253746 undetected_chromedriver + 4605766
14  undetected_chromedriver             0x000000010322439c undetected_chromedriver + 4412316
15  undetected_chromedriver             0x0000000103273868 undetected_chromedriver + 4737128
16  undetected_chromedriver             0x0000000103273a1e undetected_chromedriver + 4737566
17  undetected_chromedriver             0x0000000103284e83 undetected_chromedriver + 4808323
18  libsystem_pthread.dylib             0x00007ff8073f2df1 _pthread_start + 99
19  libsystem_pthread.dylib             0x00007ff8073ee857 thread_start + 15

2025-07-09 20:25:45,356 - __main__ - ERROR - âŒ Test failed for MF: Message: unknown error: cannot connect to chrome at 127.0.0.1:56291
from session not created: This version of ChromeDriver only supports Chrome version 120
Current browser version is 138.0.7204.100
Stacktrace:
0   undetected_chromedriver             0x000000010328dcc8 undetected_chromedriver + 4844744
1   undetected_chromedriver             0x0000000103285243 undetected_chromedriver + 4809283
2   undetected_chromedriver             0x0000000102e5377d undetected_chromedriver + 411517
3   undetected_chromedriver             0x0000000102e91f06 undetected_chromedriver + 667398
4   undetected_chromedriver             0x0000000102e90edd undetected_chromedriver + 663261
5   undetected_chromedriver             0x0000000102e878c6 undetected_chromedriver + 624838
6   undetected_chromedriver             0x0000000102ed9833 undetected_chromedriver + 960563
7   undetected_chromedriver             0x0000000102ecda63 undetected_chromedriver + 911971
8   undetected_chromedriver             0x0000000102e951b3 undetected_chromedriver + 680371
9   undetected_chromedriver             0x0000000102e967ce undetected_chromedriver + 686030
10  undetected_chromedriver             0x000000010324d642 undetected_chromedriver + 4580930
11  undetected_chromedriver             0x00000001032529cc undetected_chromedriver + 4602316
12  undetected_chromedriver             0x0000000103232e11 undetected_chromedriver + 4472337
13  undetected_chromedriver             0x0000000103253746 undetected_chromedriver + 4605766
14  undetected_chromedriver             0x000000010322439c undetected_chromedriver + 4412316
15  undetected_chromedriver             0x0000000103273868 undetected_chromedriver + 4737128
16  undetected_chromedriver             0x0000000103273a1e undetected_chromedriver + 4737566
17  undetected_chromedriver             0x0000000103284e83 undetected_chromedriver + 4808323
18  libsystem_pthread.dylib             0x00007ff8073f2df1 _pthread_start + 99
19  libsystem_pthread.dylib             0x00007ff8073ee857 thread_start + 15

2025-07-09 20:25:45,356 - __main__ - ERROR - âŒ MF test FAILED: Message: unknown error: cannot connect to chrome at 127.0.0.1:56291
from session not created: This version of ChromeDriver only supports Chrome version 120
Current browser version is 138.0.7204.100
Stacktrace:
0   undetected_chromedriver             0x000000010328dcc8 undetected_chromedriver + 4844744
1   undetected_chromedriver             0x0000000103285243 undetected_chromedriver + 4809283
2   undetected_chromedriver             0x0000000102e5377d undetected_chromedriver + 411517
3   undetected_chromedriver             0x0000000102e91f06 undetected_chromedriver + 667398
4   undetected_chromedriver             0x0000000102e90edd undetected_chromedriver + 663261
5   undetected_chromedriver             0x0000000102e878c6 undetected_chromedriver + 624838
6   undetected_chromedriver             0x0000000102ed9833 undetected_chromedriver + 960563
7   undetected_chromedriver             0x0000000102ecda63 undetected_chromedriver + 911971
8   undetected_chromedriver             0x0000000102e951b3 undetected_chromedriver + 680371
9   undetected_chromedriver             0x0000000102e967ce undetected_chromedriver + 686030
10  undetected_chromedriver             0x000000010324d642 undetected_chromedriver + 4580930
11  undetected_chromedriver             0x00000001032529cc undetected_chromedriver + 4602316
12  undetected_chromedriver             0x0000000103232e11 undetected_chromedriver + 4472337
13  undetected_chromedriver             0x0000000103253746 undetected_chromedriver + 4605766
14  undetected_chromedriver             0x000000010322439c undetected_chromedriver + 4412316
15  undetected_chromedriver             0x0000000103273868 undetected_chromedriver + 4737128
16  undetected_chromedriver             0x0000000103273a1e undetected_chromedriver + 4737566
17  undetected_chromedriver             0x0000000103284e83 undetected_chromedriver + 4808323
18  libsystem_pthread.dylib             0x00007ff8073f2df1 _pthread_start + 99
19  libsystem_pthread.dylib             0x00007ff8073ee857 thread_start + 15

2025-07-09 20:25:45,356 - __main__ - INFO - 
ğŸ”¬ Testing MOR with live credentials
2025-07-09 20:25:45,356 - __main__ - INFO - ----------------------------------------
2025-07-09 20:25:45,356 - __main__ - INFO - ğŸ”¬ Testing MOR with live credentials
2025-07-09 20:25:45,356 - __main__ - INFO - ğŸŒ Phase 1: Testing connection to MOR
2025-07-09 20:25:45,356 - __main__ - INFO - ğŸš— Creating robust Chrome driver...
2025-07-09 20:25:46,543 - undetected_chromedriver.patcher - INFO - patching driver executable /Users/dylanpossamai/Library/Application Support/undetected_chromedriver/undetected_chromedriver
2025-07-09 20:25:50,175 - __main__ - ERROR - âŒ Driver creation failed: Message: unknown error: cannot connect to chrome at 127.0.0.1:56353
from session not created: This version of ChromeDriver only supports Chrome version 120
Current browser version is 138.0.7204.100
Stacktrace:
0   undetected_chromedriver             0x0000000102800cc8 undetected_chromedriver + 4844744
1   undetected_chromedriver             0x00000001027f8243 undetected_chromedriver + 4809283
2   undetected_chromedriver             0x00000001023c677d undetected_chromedriver + 411517
3   undetected_chromedriver             0x0000000102404f06 undetected_chromedriver + 667398
4   undetected_chromedriver             0x0000000102403edd undetected_chromedriver + 663261
5   undetected_chromedriver             0x00000001023fa8c6 undetected_chromedriver + 624838
6   undetected_chromedriver             0x000000010244c833 undetected_chromedriver + 960563
7   undetected_chromedriver             0x0000000102440a63 undetected_chromedriver + 911971
8   undetected_chromedriver             0x00000001024081b3 undetected_chromedriver + 680371
9   undetected_chromedriver             0x00000001024097ce undetected_chromedriver + 686030
10  undetected_chromedriver             0x00000001027c0642 undetected_chromedriver + 4580930
11  undetected_chromedriver             0x00000001027c59cc undetected_chromedriver + 4602316
12  undetected_chromedriver             0x00000001027a5e11 undetected_chromedriver + 4472337
13  undetected_chromedriver             0x00000001027c6746 undetected_chromedriver + 4605766
14  undetected_chromedriver             0x000000010279739c undetected_chromedriver + 4412316
15  undetected_chromedriver             0x00000001027e6868 undetected_chromedriver + 4737128
16  undetected_chromedriver             0x00000001027e6a1e undetected_chromedriver + 4737566
17  undetected_chromedriver             0x00000001027f7e83 undetected_chromedriver + 4808323
18  libsystem_pthread.dylib             0x00007ff8073f2df1 _pthread_start + 99
19  libsystem_pthread.dylib             0x00007ff8073ee857 thread_start + 15

2025-07-09 20:25:50,176 - __main__ - ERROR - âŒ Test failed for MOR: Message: unknown error: cannot connect to chrome at 127.0.0.1:56353
from session not created: This version of ChromeDriver only supports Chrome version 120
Current browser version is 138.0.7204.100
Stacktrace:
0   undetected_chromedriver             0x0000000102800cc8 undetected_chromedriver + 4844744
1   undetected_chromedriver             0x00000001027f8243 undetected_chromedriver + 4809283
2   undetected_chromedriver             0x00000001023c677d undetected_chromedriver + 411517
3   undetected_chromedriver             0x0000000102404f06 undetected_chromedriver + 667398
4   undetected_chromedriver             0x0000000102403edd undetected_chromedriver + 663261
5   undetected_chromedriver             0x00000001023fa8c6 undetected_chromedriver + 624838
6   undetected_chromedriver             0x000000010244c833 undetected_chromedriver + 960563
7   undetected_chromedriver             0x0000000102440a63 undetected_chromedriver + 911971
8   undetected_chromedriver             0x00000001024081b3 undetected_chromedriver + 680371
9   undetected_chromedriver             0x00000001024097ce undetected_chromedriver + 686030
10  undetected_chromedriver             0x00000001027c0642 undetected_chromedriver + 4580930
11  undetected_chromedriver             0x00000001027c59cc undetected_chromedriver + 4602316
12  undetected_chromedriver             0x00000001027a5e11 undetected_chromedriver + 4472337
13  undetected_chromedriver             0x00000001027c6746 undetected_chromedriver + 4605766
14  undetected_chromedriver             0x000000010279739c undetected_chromedriver + 4412316
15  undetected_chromedriver             0x00000001027e6868 undetected_chromedriver + 4737128
16  undetected_chromedriver             0x00000001027e6a1e undetected_chromedriver + 4737566
17  undetected_chromedriver             0x00000001027f7e83 undetected_chromedriver + 4808323
18  libsystem_pthread.dylib             0x00007ff8073f2df1 _pthread_start + 99
19  libsystem_pthread.dylib             0x00007ff8073ee857 thread_start + 15

2025-07-09 20:25:50,176 - __main__ - ERROR - âŒ MOR test FAILED: Message: unknown error: cannot connect to chrome at 127.0.0.1:56353
from session not created: This version of ChromeDriver only supports Chrome version 120
Current browser version is 138.0.7204.100
Stacktrace:
0   undetected_chromedriver             0x0000000102800cc8 undetected_chromedriver + 4844744
1   undetected_chromedriver             0x00000001027f8243 undetected_chromedriver + 4809283
2   undetected_chromedriver             0x00000001023c677d undetected_chromedriver + 411517
3   undetected_chromedriver             0x0000000102404f06 undetected_chromedriver + 667398
4   undetected_chromedriver             0x0000000102403edd undetected_chromedriver + 663261
5   undetected_chromedriver             0x00000001023fa8c6 undetected_chromedriver + 624838
6   undetected_chromedriver             0x000000010244c833 undetected_chromedriver + 960563
7   undetected_chromedriver             0x0000000102440a63 undetected_chromedriver + 911971
8   undetected_chromedriver             0x00000001024081b3 undetected_chromedriver + 680371
9   undetected_chromedriver             0x00000001024097ce undetected_chromedriver + 686030
10  undetected_chromedriver             0x00000001027c0642 undetected_chromedriver + 4580930
11  undetected_chromedriver             0x00000001027c59cc undetected_chromedriver + 4602316
12  undetected_chromedriver             0x00000001027a5e11 undetected_chromedriver + 4472337
13  undetected_chromedriver             0x00000001027c6746 undetected_chromedriver + 4605766
14  undetected_chromedriver             0x000000010279739c undetected_chromedriver + 4412316
15  undetected_chromedriver             0x00000001027e6868 undetected_chromedriver + 4737128
16  undetected_chromedriver             0x00000001027e6a1e undetected_chromedriver + 4737566
17  undetected_chromedriver             0x00000001027f7e83 undetected_chromedriver + 4808323
18  libsystem_pthread.dylib             0x00007ff8073f2df1 _pthread_start + 99
19  libsystem_pthread.dylib             0x00007ff8073ee857 thread_start + 15

2025-07-09 20:25:50,176 - __main__ - INFO - 
ğŸ“„ Full results saved to: live_test_output/live_test_results_live_test_20250709_202540.json
